Performing C++ SOURCE FILE Test HAVE_LLVM_LIBCPP failed with the following output:
Change Dir: /home/i/AB/mysql-connector-c-6.1.6-src/CMakeFiles/CMakeTmp

Run Build Command:"/usr/bin/make" "cmTC_2a29a/fast"
make[1]: Entering directory '/home/i/AB/mysql-connector-c-6.1.6-src/CMakeFiles/CMakeTmp'
/usr/bin/make -f CMakeFiles/cmTC_2a29a.dir/build.make CMakeFiles/cmTC_2a29a.dir/build
make[2]: Entering directory '/home/i/AB/mysql-connector-c-6.1.6-src/CMakeFiles/CMakeTmp'
Building CXX object CMakeFiles/cmTC_2a29a.dir/src.cxx.o
/usr/bin/c++     -DHAVE_LLVM_LIBCPP   -o CMakeFiles/cmTC_2a29a.dir/src.cxx.o -c /home/i/AB/mysql-connector-c-6.1.6-src/CMakeFiles/CMakeTmp/src.cxx
Linking CXX executable cmTC_2a29a
/usr/bin/cmake -E cmake_link_script CMakeFiles/cmTC_2a29a.dir/link.txt --verbose=1
/usr/bin/c++    -DHAVE_LLVM_LIBCPP    CMakeFiles/cmTC_2a29a.dir/src.cxx.o  -o cmTC_2a29a -rdynamic 
make[2]: Leaving directory '/home/i/AB/mysql-connector-c-6.1.6-src/CMakeFiles/CMakeTmp'
make[1]: Leaving directory '/home/i/AB/mysql-connector-c-6.1.6-src/CMakeFiles/CMakeTmp'

Return value: 1
Source file was:

#include <ciso646>
int main()
{
#ifdef _LIBCPP_VERSION
  return 0;
#else
  return 1;
#endif
}
Determining if the pthread_create exist failed with the following output:
Change Dir: /home/i/AB/mysql-connector-c-6.1.6-src/CMakeFiles/CMakeTmp

Run Build Command:"/usr/bin/make" "cmTC_43d1f/fast"
make[1]: Entering directory '/home/i/AB/mysql-connector-c-6.1.6-src/CMakeFiles/CMakeTmp'
/usr/bin/make -f CMakeFiles/cmTC_43d1f.dir/build.make CMakeFiles/cmTC_43d1f.dir/build
make[2]: Entering directory '/home/i/AB/mysql-connector-c-6.1.6-src/CMakeFiles/CMakeTmp'
Building C object CMakeFiles/cmTC_43d1f.dir/CheckSymbolExists.c.o
/usr/bin/cc     -o CMakeFiles/cmTC_43d1f.dir/CheckSymbolExists.c.o   -c /home/i/AB/mysql-connector-c-6.1.6-src/CMakeFiles/CMakeTmp/CheckSymbolExists.c
Linking C executable cmTC_43d1f
/usr/bin/cmake -E cmake_link_script CMakeFiles/cmTC_43d1f.dir/link.txt --verbose=1
/usr/bin/cc       CMakeFiles/cmTC_43d1f.dir/CheckSymbolExists.c.o  -o cmTC_43d1f -rdynamic 
CMakeFiles/cmTC_43d1f.dir/CheckSymbolExists.c.o: In function `main':
CheckSymbolExists.c:(.text+0x16): undefined reference to `pthread_create'
collect2: error: ld returned 1 exit status
CMakeFiles/cmTC_43d1f.dir/build.make:97: recipe for target 'cmTC_43d1f' failed
make[2]: *** [cmTC_43d1f] Error 1
make[2]: Leaving directory '/home/i/AB/mysql-connector-c-6.1.6-src/CMakeFiles/CMakeTmp'
Makefile:126: recipe for target 'cmTC_43d1f/fast' failed
make[1]: *** [cmTC_43d1f/fast] Error 2
make[1]: Leaving directory '/home/i/AB/mysql-connector-c-6.1.6-src/CMakeFiles/CMakeTmp'

File /home/i/AB/mysql-connector-c-6.1.6-src/CMakeFiles/CMakeTmp/CheckSymbolExists.c:
/* */
#include <pthread.h>

int main(int argc, char** argv)
{
  (void)argv;
#ifndef pthread_create
  return ((int*)(&pthread_create))[argc];
#else
  (void)argc;
  return 0;
#endif
}

Determining if the function pthread_create exists in the pthreads failed with the following output:
Change Dir: /home/i/AB/mysql-connector-c-6.1.6-src/CMakeFiles/CMakeTmp

Run Build Command:"/usr/bin/make" "cmTC_11477/fast"
make[1]: Entering directory '/home/i/AB/mysql-connector-c-6.1.6-src/CMakeFiles/CMakeTmp'
/usr/bin/make -f CMakeFiles/cmTC_11477.dir/build.make CMakeFiles/cmTC_11477.dir/build
make[2]: Entering directory '/home/i/AB/mysql-connector-c-6.1.6-src/CMakeFiles/CMakeTmp'
Building C object CMakeFiles/cmTC_11477.dir/CheckFunctionExists.c.o
/usr/bin/cc    -DCHECK_FUNCTION_EXISTS=pthread_create   -o CMakeFiles/cmTC_11477.dir/CheckFunctionExists.c.o   -c /usr/share/cmake-3.5/Modules/CheckFunctionExists.c
Linking C executable cmTC_11477
/usr/bin/cmake -E cmake_link_script CMakeFiles/cmTC_11477.dir/link.txt --verbose=1
/usr/bin/cc   -DCHECK_FUNCTION_EXISTS=pthread_create    CMakeFiles/cmTC_11477.dir/CheckFunctionExists.c.o  -o cmTC_11477 -rdynamic -lpthreads 
/usr/bin/ld: cannot find -lpthreads
collect2: error: ld returned 1 exit status
CMakeFiles/cmTC_11477.dir/build.make:97: recipe for target 'cmTC_11477' failed
make[2]: *** [cmTC_11477] Error 1
make[2]: Leaving directory '/home/i/AB/mysql-connector-c-6.1.6-src/CMakeFiles/CMakeTmp'
Makefile:126: recipe for target 'cmTC_11477/fast' failed
make[1]: *** [cmTC_11477/fast] Error 2
make[1]: Leaving directory '/home/i/AB/mysql-connector-c-6.1.6-src/CMakeFiles/CMakeTmp'


Determining if the function floor exists failed with the following output:
Change Dir: /home/i/AB/mysql-connector-c-6.1.6-src/CMakeFiles/CMakeTmp

Run Build Command:"/usr/bin/make" "cmTC_4266c/fast"
make[1]: Entering directory '/home/i/AB/mysql-connector-c-6.1.6-src/CMakeFiles/CMakeTmp'
/usr/bin/make -f CMakeFiles/cmTC_4266c.dir/build.make CMakeFiles/cmTC_4266c.dir/build
make[2]: Entering directory '/home/i/AB/mysql-connector-c-6.1.6-src/CMakeFiles/CMakeTmp'
Building C object CMakeFiles/cmTC_4266c.dir/CheckFunctionExists.c.o
/usr/bin/cc    -DCHECK_FUNCTION_EXISTS=floor   -o CMakeFiles/cmTC_4266c.dir/CheckFunctionExists.c.o   -c /usr/share/cmake-3.5/Modules/CheckFunctionExists.c
<command-line>:0:23: warning: conflicting types for built-in function ‘floor’
/usr/share/cmake-3.5/Modules/CheckFunctionExists.c:6:6: note: in expansion of macro ‘CHECK_FUNCTION_EXISTS’
 char CHECK_FUNCTION_EXISTS();
      ^
Linking C executable cmTC_4266c
/usr/bin/cmake -E cmake_link_script CMakeFiles/cmTC_4266c.dir/link.txt --verbose=1
/usr/bin/cc   -DCHECK_FUNCTION_EXISTS=floor    CMakeFiles/cmTC_4266c.dir/CheckFunctionExists.c.o  -o cmTC_4266c -rdynamic 
CMakeFiles/cmTC_4266c.dir/CheckFunctionExists.c.o: In function `main':
CheckFunctionExists.c:(.text+0x15): undefined reference to `floor'
collect2: error: ld returned 1 exit status
CMakeFiles/cmTC_4266c.dir/build.make:97: recipe for target 'cmTC_4266c' failed
make[2]: *** [cmTC_4266c] Error 1
make[2]: Leaving directory '/home/i/AB/mysql-connector-c-6.1.6-src/CMakeFiles/CMakeTmp'
Makefile:126: recipe for target 'cmTC_4266c/fast' failed
make[1]: *** [cmTC_4266c/fast] Error 2
make[1]: Leaving directory '/home/i/AB/mysql-connector-c-6.1.6-src/CMakeFiles/CMakeTmp'


Determining if the function crypt exists failed with the following output:
Change Dir: /home/i/AB/mysql-connector-c-6.1.6-src/CMakeFiles/CMakeTmp

Run Build Command:"/usr/bin/make" "cmTC_2a4ce/fast"
make[1]: Entering directory '/home/i/AB/mysql-connector-c-6.1.6-src/CMakeFiles/CMakeTmp'
/usr/bin/make -f CMakeFiles/cmTC_2a4ce.dir/build.make CMakeFiles/cmTC_2a4ce.dir/build
make[2]: Entering directory '/home/i/AB/mysql-connector-c-6.1.6-src/CMakeFiles/CMakeTmp'
Building C object CMakeFiles/cmTC_2a4ce.dir/CheckFunctionExists.c.o
/usr/bin/cc    -DCHECK_FUNCTION_EXISTS=crypt   -o CMakeFiles/cmTC_2a4ce.dir/CheckFunctionExists.c.o   -c /usr/share/cmake-3.5/Modules/CheckFunctionExists.c
Linking C executable cmTC_2a4ce
/usr/bin/cmake -E cmake_link_script CMakeFiles/cmTC_2a4ce.dir/link.txt --verbose=1
/usr/bin/cc   -DCHECK_FUNCTION_EXISTS=crypt    CMakeFiles/cmTC_2a4ce.dir/CheckFunctionExists.c.o  -o cmTC_2a4ce -rdynamic 
CMakeFiles/cmTC_2a4ce.dir/CheckFunctionExists.c.o: In function `main':
CheckFunctionExists.c:(.text+0x15): undefined reference to `crypt'
collect2: error: ld returned 1 exit status
CMakeFiles/cmTC_2a4ce.dir/build.make:97: recipe for target 'cmTC_2a4ce' failed
make[2]: *** [cmTC_2a4ce] Error 1
make[2]: Leaving directory '/home/i/AB/mysql-connector-c-6.1.6-src/CMakeFiles/CMakeTmp'
Makefile:126: recipe for target 'cmTC_2a4ce/fast' failed
make[1]: *** [cmTC_2a4ce/fast] Error 2
make[1]: Leaving directory '/home/i/AB/mysql-connector-c-6.1.6-src/CMakeFiles/CMakeTmp'


Determining if the function dlopen exists failed with the following output:
Change Dir: /home/i/AB/mysql-connector-c-6.1.6-src/CMakeFiles/CMakeTmp

Run Build Command:"/usr/bin/make" "cmTC_93e1c/fast"
make[1]: Entering directory '/home/i/AB/mysql-connector-c-6.1.6-src/CMakeFiles/CMakeTmp'
/usr/bin/make -f CMakeFiles/cmTC_93e1c.dir/build.make CMakeFiles/cmTC_93e1c.dir/build
make[2]: Entering directory '/home/i/AB/mysql-connector-c-6.1.6-src/CMakeFiles/CMakeTmp'
Building C object CMakeFiles/cmTC_93e1c.dir/CheckFunctionExists.c.o
/usr/bin/cc    -DCHECK_FUNCTION_EXISTS=dlopen   -o CMakeFiles/cmTC_93e1c.dir/CheckFunctionExists.c.o   -c /usr/share/cmake-3.5/Modules/CheckFunctionExists.c
Linking C executable cmTC_93e1c
/usr/bin/cmake -E cmake_link_script CMakeFiles/cmTC_93e1c.dir/link.txt --verbose=1
/usr/bin/cc   -DCHECK_FUNCTION_EXISTS=dlopen    CMakeFiles/cmTC_93e1c.dir/CheckFunctionExists.c.o  -o cmTC_93e1c -rdynamic 
CMakeFiles/cmTC_93e1c.dir/CheckFunctionExists.c.o: In function `main':
CheckFunctionExists.c:(.text+0x15): undefined reference to `dlopen'
collect2: error: ld returned 1 exit status
CMakeFiles/cmTC_93e1c.dir/build.make:97: recipe for target 'cmTC_93e1c' failed
make[2]: *** [cmTC_93e1c] Error 1
make[2]: Leaving directory '/home/i/AB/mysql-connector-c-6.1.6-src/CMakeFiles/CMakeTmp'
Makefile:126: recipe for target 'cmTC_93e1c/fast' failed
make[1]: *** [cmTC_93e1c/fast] Error 2
make[1]: Leaving directory '/home/i/AB/mysql-connector-c-6.1.6-src/CMakeFiles/CMakeTmp'


Determining if the function timer_create exists failed with the following output:
Change Dir: /home/i/AB/mysql-connector-c-6.1.6-src/CMakeFiles/CMakeTmp

Run Build Command:"/usr/bin/make" "cmTC_76b81/fast"
make[1]: Entering directory '/home/i/AB/mysql-connector-c-6.1.6-src/CMakeFiles/CMakeTmp'
/usr/bin/make -f CMakeFiles/cmTC_76b81.dir/build.make CMakeFiles/cmTC_76b81.dir/build
make[2]: Entering directory '/home/i/AB/mysql-connector-c-6.1.6-src/CMakeFiles/CMakeTmp'
Building C object CMakeFiles/cmTC_76b81.dir/CheckFunctionExists.c.o
/usr/bin/cc    -DCHECK_FUNCTION_EXISTS=timer_create   -o CMakeFiles/cmTC_76b81.dir/CheckFunctionExists.c.o   -c /usr/share/cmake-3.5/Modules/CheckFunctionExists.c
Linking C executable cmTC_76b81
/usr/bin/cmake -E cmake_link_script CMakeFiles/cmTC_76b81.dir/link.txt --verbose=1
/usr/bin/cc   -DCHECK_FUNCTION_EXISTS=timer_create    CMakeFiles/cmTC_76b81.dir/CheckFunctionExists.c.o  -o cmTC_76b81 -rdynamic 
CMakeFiles/cmTC_76b81.dir/CheckFunctionExists.c.o: In function `main':
CheckFunctionExists.c:(.text+0x15): undefined reference to `timer_create'
collect2: error: ld returned 1 exit status
CMakeFiles/cmTC_76b81.dir/build.make:97: recipe for target 'cmTC_76b81' failed
make[2]: *** [cmTC_76b81] Error 1
make[2]: Leaving directory '/home/i/AB/mysql-connector-c-6.1.6-src/CMakeFiles/CMakeTmp'
Makefile:126: recipe for target 'cmTC_76b81/fast' failed
make[1]: *** [cmTC_76b81/fast] Error 2
make[1]: Leaving directory '/home/i/AB/mysql-connector-c-6.1.6-src/CMakeFiles/CMakeTmp'


Determining if files ieeefp.h exist failed with the following output:
Change Dir: /home/i/AB/mysql-connector-c-6.1.6-src/CMakeFiles/CMakeTmp

Run Build Command:"/usr/bin/make" "cmTC_ffa12/fast"
make[1]: Entering directory '/home/i/AB/mysql-connector-c-6.1.6-src/CMakeFiles/CMakeTmp'
/usr/bin/make -f CMakeFiles/cmTC_ffa12.dir/build.make CMakeFiles/cmTC_ffa12.dir/build
make[2]: Entering directory '/home/i/AB/mysql-connector-c-6.1.6-src/CMakeFiles/CMakeTmp'
Building C object CMakeFiles/cmTC_ffa12.dir/CheckIncludeFiles.c.o
/usr/bin/cc     -o CMakeFiles/cmTC_ffa12.dir/CheckIncludeFiles.c.o   -c /home/i/AB/mysql-connector-c-6.1.6-src/CMakeFiles/CMakeTmp/CheckIncludeFiles.c
/home/i/AB/mysql-connector-c-6.1.6-src/CMakeFiles/CMakeTmp/CheckIncludeFiles.c:2:20: fatal error: ieeefp.h: No such file or directory
compilation terminated.
CMakeFiles/cmTC_ffa12.dir/build.make:65: recipe for target 'CMakeFiles/cmTC_ffa12.dir/CheckIncludeFiles.c.o' failed
make[2]: *** [CMakeFiles/cmTC_ffa12.dir/CheckIncludeFiles.c.o] Error 1
make[2]: Leaving directory '/home/i/AB/mysql-connector-c-6.1.6-src/CMakeFiles/CMakeTmp'
Makefile:126: recipe for target 'cmTC_ffa12/fast' failed
make[1]: *** [cmTC_ffa12/fast] Error 2
make[1]: Leaving directory '/home/i/AB/mysql-connector-c-6.1.6-src/CMakeFiles/CMakeTmp'

Source:
/* */
#include <ieeefp.h>


int main(void){return 0;}

Determining if files curses.h;term.h exist failed with the following output:
Change Dir: /home/i/AB/mysql-connector-c-6.1.6-src/CMakeFiles/CMakeTmp

Run Build Command:"/usr/bin/make" "cmTC_49ae3/fast"
make[1]: Entering directory '/home/i/AB/mysql-connector-c-6.1.6-src/CMakeFiles/CMakeTmp'
/usr/bin/make -f CMakeFiles/cmTC_49ae3.dir/build.make CMakeFiles/cmTC_49ae3.dir/build
make[2]: Entering directory '/home/i/AB/mysql-connector-c-6.1.6-src/CMakeFiles/CMakeTmp'
Building C object CMakeFiles/cmTC_49ae3.dir/CheckIncludeFiles.c.o
/usr/bin/cc     -o CMakeFiles/cmTC_49ae3.dir/CheckIncludeFiles.c.o   -c /home/i/AB/mysql-connector-c-6.1.6-src/CMakeFiles/CMakeTmp/CheckIncludeFiles.c
/home/i/AB/mysql-connector-c-6.1.6-src/CMakeFiles/CMakeTmp/CheckIncludeFiles.c:2:20: fatal error: curses.h: No such file or directory
compilation terminated.
CMakeFiles/cmTC_49ae3.dir/build.make:65: recipe for target 'CMakeFiles/cmTC_49ae3.dir/CheckIncludeFiles.c.o' failed
make[2]: *** [CMakeFiles/cmTC_49ae3.dir/CheckIncludeFiles.c.o] Error 1
make[2]: Leaving directory '/home/i/AB/mysql-connector-c-6.1.6-src/CMakeFiles/CMakeTmp'
Makefile:126: recipe for target 'cmTC_49ae3/fast' failed
make[1]: *** [cmTC_49ae3/fast] Error 2
make[1]: Leaving directory '/home/i/AB/mysql-connector-c-6.1.6-src/CMakeFiles/CMakeTmp'

Source:
/* */
#include <curses.h>
#include <term.h>


int main(void){return 0;}

Determining if files vis.h exist failed with the following output:
Change Dir: /home/i/AB/mysql-connector-c-6.1.6-src/CMakeFiles/CMakeTmp

Run Build Command:"/usr/bin/make" "cmTC_8d4a1/fast"
make[1]: Entering directory '/home/i/AB/mysql-connector-c-6.1.6-src/CMakeFiles/CMakeTmp'
/usr/bin/make -f CMakeFiles/cmTC_8d4a1.dir/build.make CMakeFiles/cmTC_8d4a1.dir/build
make[2]: Entering directory '/home/i/AB/mysql-connector-c-6.1.6-src/CMakeFiles/CMakeTmp'
Building C object CMakeFiles/cmTC_8d4a1.dir/CheckIncludeFiles.c.o
/usr/bin/cc     -o CMakeFiles/cmTC_8d4a1.dir/CheckIncludeFiles.c.o   -c /home/i/AB/mysql-connector-c-6.1.6-src/CMakeFiles/CMakeTmp/CheckIncludeFiles.c
/home/i/AB/mysql-connector-c-6.1.6-src/CMakeFiles/CMakeTmp/CheckIncludeFiles.c:2:17: fatal error: vis.h: No such file or directory
compilation terminated.
CMakeFiles/cmTC_8d4a1.dir/build.make:65: recipe for target 'CMakeFiles/cmTC_8d4a1.dir/CheckIncludeFiles.c.o' failed
make[2]: *** [CMakeFiles/cmTC_8d4a1.dir/CheckIncludeFiles.c.o] Error 1
make[2]: Leaving directory '/home/i/AB/mysql-connector-c-6.1.6-src/CMakeFiles/CMakeTmp'
Makefile:126: recipe for target 'cmTC_8d4a1/fast' failed
make[1]: *** [cmTC_8d4a1/fast] Error 2
make[1]: Leaving directory '/home/i/AB/mysql-connector-c-6.1.6-src/CMakeFiles/CMakeTmp'

Source:
/* */
#include <vis.h>


int main(void){return 0;}

Determining if files sasl/sasl.h exist failed with the following output:
Change Dir: /home/i/AB/mysql-connector-c-6.1.6-src/CMakeFiles/CMakeTmp

Run Build Command:"/usr/bin/make" "cmTC_1b9b2/fast"
make[1]: Entering directory '/home/i/AB/mysql-connector-c-6.1.6-src/CMakeFiles/CMakeTmp'
/usr/bin/make -f CMakeFiles/cmTC_1b9b2.dir/build.make CMakeFiles/cmTC_1b9b2.dir/build
make[2]: Entering directory '/home/i/AB/mysql-connector-c-6.1.6-src/CMakeFiles/CMakeTmp'
Building C object CMakeFiles/cmTC_1b9b2.dir/CheckIncludeFiles.c.o
/usr/bin/cc     -o CMakeFiles/cmTC_1b9b2.dir/CheckIncludeFiles.c.o   -c /home/i/AB/mysql-connector-c-6.1.6-src/CMakeFiles/CMakeTmp/CheckIncludeFiles.c
/home/i/AB/mysql-connector-c-6.1.6-src/CMakeFiles/CMakeTmp/CheckIncludeFiles.c:2:23: fatal error: sasl/sasl.h: No such file or directory
compilation terminated.
CMakeFiles/cmTC_1b9b2.dir/build.make:65: recipe for target 'CMakeFiles/cmTC_1b9b2.dir/CheckIncludeFiles.c.o' failed
make[2]: *** [CMakeFiles/cmTC_1b9b2.dir/CheckIncludeFiles.c.o] Error 1
make[2]: Leaving directory '/home/i/AB/mysql-connector-c-6.1.6-src/CMakeFiles/CMakeTmp'
Makefile:126: recipe for target 'cmTC_1b9b2/fast' failed
make[1]: *** [cmTC_1b9b2/fast] Error 2
make[1]: Leaving directory '/home/i/AB/mysql-connector-c-6.1.6-src/CMakeFiles/CMakeTmp'

Source:
/* */
#include <sasl/sasl.h>


int main(void){return 0;}

Determining if files sys/devpoll.h exist failed with the following output:
Change Dir: /home/i/AB/mysql-connector-c-6.1.6-src/CMakeFiles/CMakeTmp

Run Build Command:"/usr/bin/make" "cmTC_0220d/fast"
make[1]: Entering directory '/home/i/AB/mysql-connector-c-6.1.6-src/CMakeFiles/CMakeTmp'
/usr/bin/make -f CMakeFiles/cmTC_0220d.dir/build.make CMakeFiles/cmTC_0220d.dir/build
make[2]: Entering directory '/home/i/AB/mysql-connector-c-6.1.6-src/CMakeFiles/CMakeTmp'
Building C object CMakeFiles/cmTC_0220d.dir/CheckIncludeFiles.c.o
/usr/bin/cc     -o CMakeFiles/cmTC_0220d.dir/CheckIncludeFiles.c.o   -c /home/i/AB/mysql-connector-c-6.1.6-src/CMakeFiles/CMakeTmp/CheckIncludeFiles.c
/home/i/AB/mysql-connector-c-6.1.6-src/CMakeFiles/CMakeTmp/CheckIncludeFiles.c:2:25: fatal error: sys/devpoll.h: No such file or directory
compilation terminated.
CMakeFiles/cmTC_0220d.dir/build.make:65: recipe for target 'CMakeFiles/cmTC_0220d.dir/CheckIncludeFiles.c.o' failed
make[2]: *** [CMakeFiles/cmTC_0220d.dir/CheckIncludeFiles.c.o] Error 1
make[2]: Leaving directory '/home/i/AB/mysql-connector-c-6.1.6-src/CMakeFiles/CMakeTmp'
Makefile:126: recipe for target 'cmTC_0220d/fast' failed
make[1]: *** [cmTC_0220d/fast] Error 2
make[1]: Leaving directory '/home/i/AB/mysql-connector-c-6.1.6-src/CMakeFiles/CMakeTmp'

Source:
/* */
#include <sys/devpoll.h>


int main(void){return 0;}

Determining if the function _aligned_malloc exists failed with the following output:
Change Dir: /home/i/AB/mysql-connector-c-6.1.6-src/CMakeFiles/CMakeTmp

Run Build Command:"/usr/bin/make" "cmTC_af537/fast"
make[1]: Entering directory '/home/i/AB/mysql-connector-c-6.1.6-src/CMakeFiles/CMakeTmp'
/usr/bin/make -f CMakeFiles/cmTC_af537.dir/build.make CMakeFiles/cmTC_af537.dir/build
make[2]: Entering directory '/home/i/AB/mysql-connector-c-6.1.6-src/CMakeFiles/CMakeTmp'
Building C object CMakeFiles/cmTC_af537.dir/CheckFunctionExists.c.o
/usr/bin/cc    -DCHECK_FUNCTION_EXISTS=_aligned_malloc   -o CMakeFiles/cmTC_af537.dir/CheckFunctionExists.c.o   -c /usr/share/cmake-3.5/Modules/CheckFunctionExists.c
Linking C executable cmTC_af537
/usr/bin/cmake -E cmake_link_script CMakeFiles/cmTC_af537.dir/link.txt --verbose=1
/usr/bin/cc   -DCHECK_FUNCTION_EXISTS=_aligned_malloc    CMakeFiles/cmTC_af537.dir/CheckFunctionExists.c.o  -o cmTC_af537 -rdynamic -lm -lcrypt -ldl -lpthread -lrt 
CMakeFiles/cmTC_af537.dir/CheckFunctionExists.c.o: In function `main':
CheckFunctionExists.c:(.text+0x15): undefined reference to `_aligned_malloc'
collect2: error: ld returned 1 exit status
CMakeFiles/cmTC_af537.dir/build.make:97: recipe for target 'cmTC_af537' failed
make[2]: *** [cmTC_af537] Error 1
make[2]: Leaving directory '/home/i/AB/mysql-connector-c-6.1.6-src/CMakeFiles/CMakeTmp'
Makefile:126: recipe for target 'cmTC_af537/fast' failed
make[1]: *** [cmTC_af537/fast] Error 2
make[1]: Leaving directory '/home/i/AB/mysql-connector-c-6.1.6-src/CMakeFiles/CMakeTmp'


Determining if the function printstack exists failed with the following output:
Change Dir: /home/i/AB/mysql-connector-c-6.1.6-src/CMakeFiles/CMakeTmp

Run Build Command:"/usr/bin/make" "cmTC_bbf21/fast"
make[1]: Entering directory '/home/i/AB/mysql-connector-c-6.1.6-src/CMakeFiles/CMakeTmp'
/usr/bin/make -f CMakeFiles/cmTC_bbf21.dir/build.make CMakeFiles/cmTC_bbf21.dir/build
make[2]: Entering directory '/home/i/AB/mysql-connector-c-6.1.6-src/CMakeFiles/CMakeTmp'
Building C object CMakeFiles/cmTC_bbf21.dir/CheckFunctionExists.c.o
/usr/bin/cc    -DCHECK_FUNCTION_EXISTS=printstack   -o CMakeFiles/cmTC_bbf21.dir/CheckFunctionExists.c.o   -c /usr/share/cmake-3.5/Modules/CheckFunctionExists.c
Linking C executable cmTC_bbf21
/usr/bin/cmake -E cmake_link_script CMakeFiles/cmTC_bbf21.dir/link.txt --verbose=1
/usr/bin/cc   -DCHECK_FUNCTION_EXISTS=printstack    CMakeFiles/cmTC_bbf21.dir/CheckFunctionExists.c.o  -o cmTC_bbf21 -rdynamic -lm -lcrypt -ldl -lpthread -lrt 
CMakeFiles/cmTC_bbf21.dir/CheckFunctionExists.c.o: In function `main':
CheckFunctionExists.c:(.text+0x15): undefined reference to `printstack'
collect2: error: ld returned 1 exit status
CMakeFiles/cmTC_bbf21.dir/build.make:97: recipe for target 'cmTC_bbf21' failed
make[2]: *** [cmTC_bbf21] Error 1
make[2]: Leaving directory '/home/i/AB/mysql-connector-c-6.1.6-src/CMakeFiles/CMakeTmp'
Makefile:126: recipe for target 'cmTC_bbf21/fast' failed
make[1]: *** [cmTC_bbf21/fast] Error 2
make[1]: Leaving directory '/home/i/AB/mysql-connector-c-6.1.6-src/CMakeFiles/CMakeTmp'


Determining if the function directio exists failed with the following output:
Change Dir: /home/i/AB/mysql-connector-c-6.1.6-src/CMakeFiles/CMakeTmp

Run Build Command:"/usr/bin/make" "cmTC_e6548/fast"
make[1]: Entering directory '/home/i/AB/mysql-connector-c-6.1.6-src/CMakeFiles/CMakeTmp'
/usr/bin/make -f CMakeFiles/cmTC_e6548.dir/build.make CMakeFiles/cmTC_e6548.dir/build
make[2]: Entering directory '/home/i/AB/mysql-connector-c-6.1.6-src/CMakeFiles/CMakeTmp'
Building C object CMakeFiles/cmTC_e6548.dir/CheckFunctionExists.c.o
/usr/bin/cc    -DCHECK_FUNCTION_EXISTS=directio   -o CMakeFiles/cmTC_e6548.dir/CheckFunctionExists.c.o   -c /usr/share/cmake-3.5/Modules/CheckFunctionExists.c
Linking C executable cmTC_e6548
/usr/bin/cmake -E cmake_link_script CMakeFiles/cmTC_e6548.dir/link.txt --verbose=1
/usr/bin/cc   -DCHECK_FUNCTION_EXISTS=directio    CMakeFiles/cmTC_e6548.dir/CheckFunctionExists.c.o  -o cmTC_e6548 -rdynamic -lm -lcrypt -ldl -lpthread -lrt 
CMakeFiles/cmTC_e6548.dir/CheckFunctionExists.c.o: In function `main':
CheckFunctionExists.c:(.text+0x15): undefined reference to `directio'
collect2: error: ld returned 1 exit status
CMakeFiles/cmTC_e6548.dir/build.make:97: recipe for target 'cmTC_e6548' failed
make[2]: *** [cmTC_e6548] Error 1
make[2]: Leaving directory '/home/i/AB/mysql-connector-c-6.1.6-src/CMakeFiles/CMakeTmp'
Makefile:126: recipe for target 'cmTC_e6548/fast' failed
make[1]: *** [cmTC_e6548/fast] Error 2
make[1]: Leaving directory '/home/i/AB/mysql-connector-c-6.1.6-src/CMakeFiles/CMakeTmp'


Determining if the function compress exists failed with the following output:
Change Dir: /home/i/AB/mysql-connector-c-6.1.6-src/CMakeFiles/CMakeTmp

Run Build Command:"/usr/bin/make" "cmTC_200af/fast"
make[1]: Entering directory '/home/i/AB/mysql-connector-c-6.1.6-src/CMakeFiles/CMakeTmp'
/usr/bin/make -f CMakeFiles/cmTC_200af.dir/build.make CMakeFiles/cmTC_200af.dir/build
make[2]: Entering directory '/home/i/AB/mysql-connector-c-6.1.6-src/CMakeFiles/CMakeTmp'
Building C object CMakeFiles/cmTC_200af.dir/CheckFunctionExists.c.o
/usr/bin/cc    -DCHECK_FUNCTION_EXISTS=compress   -o CMakeFiles/cmTC_200af.dir/CheckFunctionExists.c.o   -c /usr/share/cmake-3.5/Modules/CheckFunctionExists.c
Linking C executable cmTC_200af
/usr/bin/cmake -E cmake_link_script CMakeFiles/cmTC_200af.dir/link.txt --verbose=1
/usr/bin/cc   -DCHECK_FUNCTION_EXISTS=compress    CMakeFiles/cmTC_200af.dir/CheckFunctionExists.c.o  -o cmTC_200af -rdynamic -lm -lcrypt -ldl -lpthread -lrt 
CMakeFiles/cmTC_200af.dir/CheckFunctionExists.c.o: In function `main':
CheckFunctionExists.c:(.text+0x15): undefined reference to `compress'
collect2: error: ld returned 1 exit status
CMakeFiles/cmTC_200af.dir/build.make:97: recipe for target 'cmTC_200af' failed
make[2]: *** [cmTC_200af] Error 1
make[2]: Leaving directory '/home/i/AB/mysql-connector-c-6.1.6-src/CMakeFiles/CMakeTmp'
Makefile:126: recipe for target 'cmTC_200af/fast' failed
make[1]: *** [cmTC_200af/fast] Error 2
make[1]: Leaving directory '/home/i/AB/mysql-connector-c-6.1.6-src/CMakeFiles/CMakeTmp'


Determining if the function gethrtime exists failed with the following output:
Change Dir: /home/i/AB/mysql-connector-c-6.1.6-src/CMakeFiles/CMakeTmp

Run Build Command:"/usr/bin/make" "cmTC_70265/fast"
make[1]: Entering directory '/home/i/AB/mysql-connector-c-6.1.6-src/CMakeFiles/CMakeTmp'
/usr/bin/make -f CMakeFiles/cmTC_70265.dir/build.make CMakeFiles/cmTC_70265.dir/build
make[2]: Entering directory '/home/i/AB/mysql-connector-c-6.1.6-src/CMakeFiles/CMakeTmp'
Building C object CMakeFiles/cmTC_70265.dir/CheckFunctionExists.c.o
/usr/bin/cc    -DCHECK_FUNCTION_EXISTS=gethrtime   -o CMakeFiles/cmTC_70265.dir/CheckFunctionExists.c.o   -c /usr/share/cmake-3.5/Modules/CheckFunctionExists.c
Linking C executable cmTC_70265
/usr/bin/cmake -E cmake_link_script CMakeFiles/cmTC_70265.dir/link.txt --verbose=1
/usr/bin/cc   -DCHECK_FUNCTION_EXISTS=gethrtime    CMakeFiles/cmTC_70265.dir/CheckFunctionExists.c.o  -o cmTC_70265 -rdynamic -lm -lcrypt -ldl -lpthread -lrt 
CMakeFiles/cmTC_70265.dir/CheckFunctionExists.c.o: In function `main':
CheckFunctionExists.c:(.text+0x15): undefined reference to `gethrtime'
collect2: error: ld returned 1 exit status
CMakeFiles/cmTC_70265.dir/build.make:97: recipe for target 'cmTC_70265' failed
make[2]: *** [cmTC_70265] Error 1
make[2]: Leaving directory '/home/i/AB/mysql-connector-c-6.1.6-src/CMakeFiles/CMakeTmp'
Makefile:126: recipe for target 'cmTC_70265/fast' failed
make[1]: *** [cmTC_70265/fast] Error 2
make[1]: Leaving directory '/home/i/AB/mysql-connector-c-6.1.6-src/CMakeFiles/CMakeTmp'


Determining if the function getpassphrase exists failed with the following output:
Change Dir: /home/i/AB/mysql-connector-c-6.1.6-src/CMakeFiles/CMakeTmp

Run Build Command:"/usr/bin/make" "cmTC_2fb2e/fast"
make[1]: Entering directory '/home/i/AB/mysql-connector-c-6.1.6-src/CMakeFiles/CMakeTmp'
/usr/bin/make -f CMakeFiles/cmTC_2fb2e.dir/build.make CMakeFiles/cmTC_2fb2e.dir/build
make[2]: Entering directory '/home/i/AB/mysql-connector-c-6.1.6-src/CMakeFiles/CMakeTmp'
Building C object CMakeFiles/cmTC_2fb2e.dir/CheckFunctionExists.c.o
/usr/bin/cc    -DCHECK_FUNCTION_EXISTS=getpassphrase   -o CMakeFiles/cmTC_2fb2e.dir/CheckFunctionExists.c.o   -c /usr/share/cmake-3.5/Modules/CheckFunctionExists.c
Linking C executable cmTC_2fb2e
/usr/bin/cmake -E cmake_link_script CMakeFiles/cmTC_2fb2e.dir/link.txt --verbose=1
/usr/bin/cc   -DCHECK_FUNCTION_EXISTS=getpassphrase    CMakeFiles/cmTC_2fb2e.dir/CheckFunctionExists.c.o  -o cmTC_2fb2e -rdynamic -lm -lcrypt -ldl -lpthread -lrt 
CMakeFiles/cmTC_2fb2e.dir/CheckFunctionExists.c.o: In function `main':
CheckFunctionExists.c:(.text+0x15): undefined reference to `getpassphrase'
collect2: error: ld returned 1 exit status
CMakeFiles/cmTC_2fb2e.dir/build.make:97: recipe for target 'cmTC_2fb2e' failed
make[2]: *** [cmTC_2fb2e] Error 1
make[2]: Leaving directory '/home/i/AB/mysql-connector-c-6.1.6-src/CMakeFiles/CMakeTmp'
Makefile:126: recipe for target 'cmTC_2fb2e/fast' failed
make[1]: *** [cmTC_2fb2e/fast] Error 2
make[1]: Leaving directory '/home/i/AB/mysql-connector-c-6.1.6-src/CMakeFiles/CMakeTmp'


Determining if the function issetugid exists failed with the following output:
Change Dir: /home/i/AB/mysql-connector-c-6.1.6-src/CMakeFiles/CMakeTmp

Run Build Command:"/usr/bin/make" "cmTC_3d212/fast"
make[1]: Entering directory '/home/i/AB/mysql-connector-c-6.1.6-src/CMakeFiles/CMakeTmp'
/usr/bin/make -f CMakeFiles/cmTC_3d212.dir/build.make CMakeFiles/cmTC_3d212.dir/build
make[2]: Entering directory '/home/i/AB/mysql-connector-c-6.1.6-src/CMakeFiles/CMakeTmp'
Building C object CMakeFiles/cmTC_3d212.dir/CheckFunctionExists.c.o
/usr/bin/cc    -DCHECK_FUNCTION_EXISTS=issetugid   -o CMakeFiles/cmTC_3d212.dir/CheckFunctionExists.c.o   -c /usr/share/cmake-3.5/Modules/CheckFunctionExists.c
Linking C executable cmTC_3d212
/usr/bin/cmake -E cmake_link_script CMakeFiles/cmTC_3d212.dir/link.txt --verbose=1
/usr/bin/cc   -DCHECK_FUNCTION_EXISTS=issetugid    CMakeFiles/cmTC_3d212.dir/CheckFunctionExists.c.o  -o cmTC_3d212 -rdynamic -lm -lcrypt -ldl -lpthread -lrt 
CMakeFiles/cmTC_3d212.dir/CheckFunctionExists.c.o: In function `main':
CheckFunctionExists.c:(.text+0x15): undefined reference to `issetugid'
collect2: error: ld returned 1 exit status
CMakeFiles/cmTC_3d212.dir/build.make:97: recipe for target 'cmTC_3d212' failed
make[2]: *** [cmTC_3d212] Error 1
make[2]: Leaving directory '/home/i/AB/mysql-connector-c-6.1.6-src/CMakeFiles/CMakeTmp'
Makefile:126: recipe for target 'cmTC_3d212/fast' failed
make[1]: *** [cmTC_3d212/fast] Error 2
make[1]: Leaving directory '/home/i/AB/mysql-connector-c-6.1.6-src/CMakeFiles/CMakeTmp'


Determining if the function setfd exists failed with the following output:
Change Dir: /home/i/AB/mysql-connector-c-6.1.6-src/CMakeFiles/CMakeTmp

Run Build Command:"/usr/bin/make" "cmTC_c64b6/fast"
make[1]: Entering directory '/home/i/AB/mysql-connector-c-6.1.6-src/CMakeFiles/CMakeTmp'
/usr/bin/make -f CMakeFiles/cmTC_c64b6.dir/build.make CMakeFiles/cmTC_c64b6.dir/build
make[2]: Entering directory '/home/i/AB/mysql-connector-c-6.1.6-src/CMakeFiles/CMakeTmp'
Building C object CMakeFiles/cmTC_c64b6.dir/CheckFunctionExists.c.o
/usr/bin/cc    -DCHECK_FUNCTION_EXISTS=setfd   -o CMakeFiles/cmTC_c64b6.dir/CheckFunctionExists.c.o   -c /usr/share/cmake-3.5/Modules/CheckFunctionExists.c
Linking C executable cmTC_c64b6
/usr/bin/cmake -E cmake_link_script CMakeFiles/cmTC_c64b6.dir/link.txt --verbose=1
/usr/bin/cc   -DCHECK_FUNCTION_EXISTS=setfd    CMakeFiles/cmTC_c64b6.dir/CheckFunctionExists.c.o  -o cmTC_c64b6 -rdynamic -lm -lcrypt -ldl -lpthread -lrt 
CMakeFiles/cmTC_c64b6.dir/CheckFunctionExists.c.o: In function `main':
CheckFunctionExists.c:(.text+0x15): undefined reference to `setfd'
collect2: error: ld returned 1 exit status
CMakeFiles/cmTC_c64b6.dir/build.make:97: recipe for target 'cmTC_c64b6' failed
make[2]: *** [cmTC_c64b6] Error 1
make[2]: Leaving directory '/home/i/AB/mysql-connector-c-6.1.6-src/CMakeFiles/CMakeTmp'
Makefile:126: recipe for target 'cmTC_c64b6/fast' failed
make[1]: *** [cmTC_c64b6/fast] Error 2
make[1]: Leaving directory '/home/i/AB/mysql-connector-c-6.1.6-src/CMakeFiles/CMakeTmp'


Determining if the function strlcpy exists failed with the following output:
Change Dir: /home/i/AB/mysql-connector-c-6.1.6-src/CMakeFiles/CMakeTmp

Run Build Command:"/usr/bin/make" "cmTC_9d67d/fast"
make[1]: Entering directory '/home/i/AB/mysql-connector-c-6.1.6-src/CMakeFiles/CMakeTmp'
/usr/bin/make -f CMakeFiles/cmTC_9d67d.dir/build.make CMakeFiles/cmTC_9d67d.dir/build
make[2]: Entering directory '/home/i/AB/mysql-connector-c-6.1.6-src/CMakeFiles/CMakeTmp'
Building C object CMakeFiles/cmTC_9d67d.dir/CheckFunctionExists.c.o
/usr/bin/cc    -DCHECK_FUNCTION_EXISTS=strlcpy   -o CMakeFiles/cmTC_9d67d.dir/CheckFunctionExists.c.o   -c /usr/share/cmake-3.5/Modules/CheckFunctionExists.c
Linking C executable cmTC_9d67d
/usr/bin/cmake -E cmake_link_script CMakeFiles/cmTC_9d67d.dir/link.txt --verbose=1
/usr/bin/cc   -DCHECK_FUNCTION_EXISTS=strlcpy    CMakeFiles/cmTC_9d67d.dir/CheckFunctionExists.c.o  -o cmTC_9d67d -rdynamic -lm -lcrypt -ldl -lpthread -lrt 
CMakeFiles/cmTC_9d67d.dir/CheckFunctionExists.c.o: In function `main':
CheckFunctionExists.c:(.text+0x15): undefined reference to `strlcpy'
collect2: error: ld returned 1 exit status
CMakeFiles/cmTC_9d67d.dir/build.make:97: recipe for target 'cmTC_9d67d' failed
make[2]: *** [cmTC_9d67d] Error 1
make[2]: Leaving directory '/home/i/AB/mysql-connector-c-6.1.6-src/CMakeFiles/CMakeTmp'
Makefile:126: recipe for target 'cmTC_9d67d/fast' failed
make[1]: *** [cmTC_9d67d/fast] Error 2
make[1]: Leaving directory '/home/i/AB/mysql-connector-c-6.1.6-src/CMakeFiles/CMakeTmp'


Determining if the function strlcat exists failed with the following output:
Change Dir: /home/i/AB/mysql-connector-c-6.1.6-src/CMakeFiles/CMakeTmp

Run Build Command:"/usr/bin/make" "cmTC_bdd8b/fast"
make[1]: Entering directory '/home/i/AB/mysql-connector-c-6.1.6-src/CMakeFiles/CMakeTmp'
/usr/bin/make -f CMakeFiles/cmTC_bdd8b.dir/build.make CMakeFiles/cmTC_bdd8b.dir/build
make[2]: Entering directory '/home/i/AB/mysql-connector-c-6.1.6-src/CMakeFiles/CMakeTmp'
Building C object CMakeFiles/cmTC_bdd8b.dir/CheckFunctionExists.c.o
/usr/bin/cc    -DCHECK_FUNCTION_EXISTS=strlcat   -o CMakeFiles/cmTC_bdd8b.dir/CheckFunctionExists.c.o   -c /usr/share/cmake-3.5/Modules/CheckFunctionExists.c
Linking C executable cmTC_bdd8b
/usr/bin/cmake -E cmake_link_script CMakeFiles/cmTC_bdd8b.dir/link.txt --verbose=1
/usr/bin/cc   -DCHECK_FUNCTION_EXISTS=strlcat    CMakeFiles/cmTC_bdd8b.dir/CheckFunctionExists.c.o  -o cmTC_bdd8b -rdynamic -lm -lcrypt -ldl -lpthread -lrt 
CMakeFiles/cmTC_bdd8b.dir/CheckFunctionExists.c.o: In function `main':
CheckFunctionExists.c:(.text+0x15): undefined reference to `strlcat'
collect2: error: ld returned 1 exit status
CMakeFiles/cmTC_bdd8b.dir/build.make:97: recipe for target 'cmTC_bdd8b' failed
make[2]: *** [cmTC_bdd8b] Error 1
make[2]: Leaving directory '/home/i/AB/mysql-connector-c-6.1.6-src/CMakeFiles/CMakeTmp'
Makefile:126: recipe for target 'cmTC_bdd8b/fast' failed
make[1]: *** [cmTC_bdd8b/fast] Error 2
make[1]: Leaving directory '/home/i/AB/mysql-connector-c-6.1.6-src/CMakeFiles/CMakeTmp'


Determining if the function fgetln exists failed with the following output:
Change Dir: /home/i/AB/mysql-connector-c-6.1.6-src/CMakeFiles/CMakeTmp

Run Build Command:"/usr/bin/make" "cmTC_8fb54/fast"
make[1]: Entering directory '/home/i/AB/mysql-connector-c-6.1.6-src/CMakeFiles/CMakeTmp'
/usr/bin/make -f CMakeFiles/cmTC_8fb54.dir/build.make CMakeFiles/cmTC_8fb54.dir/build
make[2]: Entering directory '/home/i/AB/mysql-connector-c-6.1.6-src/CMakeFiles/CMakeTmp'
Building C object CMakeFiles/cmTC_8fb54.dir/CheckFunctionExists.c.o
/usr/bin/cc    -DCHECK_FUNCTION_EXISTS=fgetln   -o CMakeFiles/cmTC_8fb54.dir/CheckFunctionExists.c.o   -c /usr/share/cmake-3.5/Modules/CheckFunctionExists.c
Linking C executable cmTC_8fb54
/usr/bin/cmake -E cmake_link_script CMakeFiles/cmTC_8fb54.dir/link.txt --verbose=1
/usr/bin/cc   -DCHECK_FUNCTION_EXISTS=fgetln    CMakeFiles/cmTC_8fb54.dir/CheckFunctionExists.c.o  -o cmTC_8fb54 -rdynamic -lm -lcrypt -ldl -lpthread -lrt 
CMakeFiles/cmTC_8fb54.dir/CheckFunctionExists.c.o: In function `main':
CheckFunctionExists.c:(.text+0x15): undefined reference to `fgetln'
collect2: error: ld returned 1 exit status
CMakeFiles/cmTC_8fb54.dir/build.make:97: recipe for target 'cmTC_8fb54' failed
make[2]: *** [cmTC_8fb54] Error 1
make[2]: Leaving directory '/home/i/AB/mysql-connector-c-6.1.6-src/CMakeFiles/CMakeTmp'
Makefile:126: recipe for target 'cmTC_8fb54/fast' failed
make[1]: *** [cmTC_8fb54/fast] Error 2
make[1]: Leaving directory '/home/i/AB/mysql-connector-c-6.1.6-src/CMakeFiles/CMakeTmp'


Determining if the function tell exists failed with the following output:
Change Dir: /home/i/AB/mysql-connector-c-6.1.6-src/CMakeFiles/CMakeTmp

Run Build Command:"/usr/bin/make" "cmTC_0341b/fast"
make[1]: Entering directory '/home/i/AB/mysql-connector-c-6.1.6-src/CMakeFiles/CMakeTmp'
/usr/bin/make -f CMakeFiles/cmTC_0341b.dir/build.make CMakeFiles/cmTC_0341b.dir/build
make[2]: Entering directory '/home/i/AB/mysql-connector-c-6.1.6-src/CMakeFiles/CMakeTmp'
Building C object CMakeFiles/cmTC_0341b.dir/CheckFunctionExists.c.o
/usr/bin/cc    -DCHECK_FUNCTION_EXISTS=tell   -o CMakeFiles/cmTC_0341b.dir/CheckFunctionExists.c.o   -c /usr/share/cmake-3.5/Modules/CheckFunctionExists.c
Linking C executable cmTC_0341b
/usr/bin/cmake -E cmake_link_script CMakeFiles/cmTC_0341b.dir/link.txt --verbose=1
/usr/bin/cc   -DCHECK_FUNCTION_EXISTS=tell    CMakeFiles/cmTC_0341b.dir/CheckFunctionExists.c.o  -o cmTC_0341b -rdynamic -lm -lcrypt -ldl -lpthread -lrt 
CMakeFiles/cmTC_0341b.dir/CheckFunctionExists.c.o: In function `main':
CheckFunctionExists.c:(.text+0x15): undefined reference to `tell'
collect2: error: ld returned 1 exit status
CMakeFiles/cmTC_0341b.dir/build.make:97: recipe for target 'cmTC_0341b' failed
make[2]: *** [cmTC_0341b] Error 1
make[2]: Leaving directory '/home/i/AB/mysql-connector-c-6.1.6-src/CMakeFiles/CMakeTmp'
Makefile:126: recipe for target 'cmTC_0341b/fast' failed
make[1]: *** [cmTC_0341b/fast] Error 2
make[1]: Leaving directory '/home/i/AB/mysql-connector-c-6.1.6-src/CMakeFiles/CMakeTmp'


Determining if the function ntohll exists failed with the following output:
Change Dir: /home/i/AB/mysql-connector-c-6.1.6-src/CMakeFiles/CMakeTmp

Run Build Command:"/usr/bin/make" "cmTC_47d05/fast"
make[1]: Entering directory '/home/i/AB/mysql-connector-c-6.1.6-src/CMakeFiles/CMakeTmp'
/usr/bin/make -f CMakeFiles/cmTC_47d05.dir/build.make CMakeFiles/cmTC_47d05.dir/build
make[2]: Entering directory '/home/i/AB/mysql-connector-c-6.1.6-src/CMakeFiles/CMakeTmp'
Building C object CMakeFiles/cmTC_47d05.dir/CheckFunctionExists.c.o
/usr/bin/cc    -DCHECK_FUNCTION_EXISTS=ntohll   -o CMakeFiles/cmTC_47d05.dir/CheckFunctionExists.c.o   -c /usr/share/cmake-3.5/Modules/CheckFunctionExists.c
Linking C executable cmTC_47d05
/usr/bin/cmake -E cmake_link_script CMakeFiles/cmTC_47d05.dir/link.txt --verbose=1
/usr/bin/cc   -DCHECK_FUNCTION_EXISTS=ntohll    CMakeFiles/cmTC_47d05.dir/CheckFunctionExists.c.o  -o cmTC_47d05 -rdynamic -lm -lcrypt -ldl -lpthread -lrt 
CMakeFiles/cmTC_47d05.dir/CheckFunctionExists.c.o: In function `main':
CheckFunctionExists.c:(.text+0x15): undefined reference to `ntohll'
collect2: error: ld returned 1 exit status
CMakeFiles/cmTC_47d05.dir/build.make:97: recipe for target 'cmTC_47d05' failed
make[2]: *** [cmTC_47d05] Error 1
make[2]: Leaving directory '/home/i/AB/mysql-connector-c-6.1.6-src/CMakeFiles/CMakeTmp'
Makefile:126: recipe for target 'cmTC_47d05/fast' failed
make[1]: *** [cmTC_47d05/fast] Error 2
make[1]: Leaving directory '/home/i/AB/mysql-connector-c-6.1.6-src/CMakeFiles/CMakeTmp'


Determining if the function kqueue exists failed with the following output:
Change Dir: /home/i/AB/mysql-connector-c-6.1.6-src/CMakeFiles/CMakeTmp

Run Build Command:"/usr/bin/make" "cmTC_dfe6d/fast"
make[1]: Entering directory '/home/i/AB/mysql-connector-c-6.1.6-src/CMakeFiles/CMakeTmp'
/usr/bin/make -f CMakeFiles/cmTC_dfe6d.dir/build.make CMakeFiles/cmTC_dfe6d.dir/build
make[2]: Entering directory '/home/i/AB/mysql-connector-c-6.1.6-src/CMakeFiles/CMakeTmp'
Building C object CMakeFiles/cmTC_dfe6d.dir/CheckFunctionExists.c.o
/usr/bin/cc    -DCHECK_FUNCTION_EXISTS=kqueue   -o CMakeFiles/cmTC_dfe6d.dir/CheckFunctionExists.c.o   -c /usr/share/cmake-3.5/Modules/CheckFunctionExists.c
Linking C executable cmTC_dfe6d
/usr/bin/cmake -E cmake_link_script CMakeFiles/cmTC_dfe6d.dir/link.txt --verbose=1
/usr/bin/cc   -DCHECK_FUNCTION_EXISTS=kqueue    CMakeFiles/cmTC_dfe6d.dir/CheckFunctionExists.c.o  -o cmTC_dfe6d -rdynamic -lm -lcrypt -ldl -lpthread -lrt 
CMakeFiles/cmTC_dfe6d.dir/CheckFunctionExists.c.o: In function `main':
CheckFunctionExists.c:(.text+0x15): undefined reference to `kqueue'
collect2: error: ld returned 1 exit status
CMakeFiles/cmTC_dfe6d.dir/build.make:97: recipe for target 'cmTC_dfe6d' failed
make[2]: *** [cmTC_dfe6d] Error 1
make[2]: Leaving directory '/home/i/AB/mysql-connector-c-6.1.6-src/CMakeFiles/CMakeTmp'
Makefile:126: recipe for target 'cmTC_dfe6d/fast' failed
make[1]: *** [cmTC_dfe6d/fast] Error 2
make[1]: Leaving directory '/home/i/AB/mysql-connector-c-6.1.6-src/CMakeFiles/CMakeTmp'


Determining if the FIONREAD exist failed with the following output:
Change Dir: /home/i/AB/mysql-connector-c-6.1.6-src/CMakeFiles/CMakeTmp

Run Build Command:"/usr/bin/make" "cmTC_d1654/fast"
make[1]: Entering directory '/home/i/AB/mysql-connector-c-6.1.6-src/CMakeFiles/CMakeTmp'
/usr/bin/make -f CMakeFiles/cmTC_d1654.dir/build.make CMakeFiles/cmTC_d1654.dir/build
make[2]: Entering directory '/home/i/AB/mysql-connector-c-6.1.6-src/CMakeFiles/CMakeTmp'
Building C object CMakeFiles/cmTC_d1654.dir/CheckSymbolExists.c.o
/usr/bin/cc     -o CMakeFiles/cmTC_d1654.dir/CheckSymbolExists.c.o   -c /home/i/AB/mysql-connector-c-6.1.6-src/CMakeFiles/CMakeTmp/CheckSymbolExists.c
/home/i/AB/mysql-connector-c-6.1.6-src/CMakeFiles/CMakeTmp/CheckSymbolExists.c:2:23: fatal error: sys/filio.h: No such file or directory
compilation terminated.
CMakeFiles/cmTC_d1654.dir/build.make:65: recipe for target 'CMakeFiles/cmTC_d1654.dir/CheckSymbolExists.c.o' failed
make[2]: *** [CMakeFiles/cmTC_d1654.dir/CheckSymbolExists.c.o] Error 1
make[2]: Leaving directory '/home/i/AB/mysql-connector-c-6.1.6-src/CMakeFiles/CMakeTmp'
Makefile:126: recipe for target 'cmTC_d1654/fast' failed
make[1]: *** [cmTC_d1654/fast] Error 2
make[1]: Leaving directory '/home/i/AB/mysql-connector-c-6.1.6-src/CMakeFiles/CMakeTmp'

File /home/i/AB/mysql-connector-c-6.1.6-src/CMakeFiles/CMakeTmp/CheckSymbolExists.c:
/* */
#include <sys/filio.h>

int main(int argc, char** argv)
{
  (void)argv;
#ifndef FIONREAD
  return ((int*)(&FIONREAD))[argc];
#else
  (void)argc;
  return 0;
#endif
}

Determining if the SIGEV_PORT exist failed with the following output:
Change Dir: /home/i/AB/mysql-connector-c-6.1.6-src/CMakeFiles/CMakeTmp

Run Build Command:"/usr/bin/make" "cmTC_b1597/fast"
make[1]: Entering directory '/home/i/AB/mysql-connector-c-6.1.6-src/CMakeFiles/CMakeTmp'
/usr/bin/make -f CMakeFiles/cmTC_b1597.dir/build.make CMakeFiles/cmTC_b1597.dir/build
make[2]: Entering directory '/home/i/AB/mysql-connector-c-6.1.6-src/CMakeFiles/CMakeTmp'
Building C object CMakeFiles/cmTC_b1597.dir/CheckSymbolExists.c.o
/usr/bin/cc     -o CMakeFiles/cmTC_b1597.dir/CheckSymbolExists.c.o   -c /home/i/AB/mysql-connector-c-6.1.6-src/CMakeFiles/CMakeTmp/CheckSymbolExists.c
/home/i/AB/mysql-connector-c-6.1.6-src/CMakeFiles/CMakeTmp/CheckSymbolExists.c: In function ‘main’:
/home/i/AB/mysql-connector-c-6.1.6-src/CMakeFiles/CMakeTmp/CheckSymbolExists.c:9:19: error: ‘SIGEV_PORT’ undeclared (first use in this function)
   return ((int*)(&SIGEV_PORT))[argc];
                   ^
/home/i/AB/mysql-connector-c-6.1.6-src/CMakeFiles/CMakeTmp/CheckSymbolExists.c:9:19: note: each undeclared identifier is reported only once for each function it appears in
CMakeFiles/cmTC_b1597.dir/build.make:65: recipe for target 'CMakeFiles/cmTC_b1597.dir/CheckSymbolExists.c.o' failed
make[2]: *** [CMakeFiles/cmTC_b1597.dir/CheckSymbolExists.c.o] Error 1
make[2]: Leaving directory '/home/i/AB/mysql-connector-c-6.1.6-src/CMakeFiles/CMakeTmp'
Makefile:126: recipe for target 'cmTC_b1597/fast' failed
make[1]: *** [cmTC_b1597/fast] Error 2
make[1]: Leaving directory '/home/i/AB/mysql-connector-c-6.1.6-src/CMakeFiles/CMakeTmp'

File /home/i/AB/mysql-connector-c-6.1.6-src/CMakeFiles/CMakeTmp/CheckSymbolExists.c:
/* */
#include <signal.h>
#include <time.h>

int main(int argc, char** argv)
{
  (void)argv;
#ifndef SIGEV_PORT
  return ((int*)(&SIGEV_PORT))[argc];
#else
  (void)argc;
  return 0;
#endif
}

Determining if the function kqueue exists failed with the following output:
Change Dir: /home/i/AB/mysql-connector-c-6.1.6-src/CMakeFiles/CMakeTmp

Run Build Command:"/usr/bin/make" "cmTC_9f7eb/fast"
make[1]: Entering directory '/home/i/AB/mysql-connector-c-6.1.6-src/CMakeFiles/CMakeTmp'
/usr/bin/make -f CMakeFiles/cmTC_9f7eb.dir/build.make CMakeFiles/cmTC_9f7eb.dir/build
make[2]: Entering directory '/home/i/AB/mysql-connector-c-6.1.6-src/CMakeFiles/CMakeTmp'
Building C object CMakeFiles/cmTC_9f7eb.dir/CheckFunctionExists.c.o
/usr/bin/cc    -DCHECK_FUNCTION_EXISTS=kqueue   -o CMakeFiles/cmTC_9f7eb.dir/CheckFunctionExists.c.o   -c /usr/share/cmake-3.5/Modules/CheckFunctionExists.c
Linking C executable cmTC_9f7eb
/usr/bin/cmake -E cmake_link_script CMakeFiles/cmTC_9f7eb.dir/link.txt --verbose=1
/usr/bin/cc   -DCHECK_FUNCTION_EXISTS=kqueue    CMakeFiles/cmTC_9f7eb.dir/CheckFunctionExists.c.o  -o cmTC_9f7eb -rdynamic -lm -lcrypt -ldl -lpthread -lrt 
CMakeFiles/cmTC_9f7eb.dir/CheckFunctionExists.c.o: In function `main':
CheckFunctionExists.c:(.text+0x15): undefined reference to `kqueue'
collect2: error: ld returned 1 exit status
CMakeFiles/cmTC_9f7eb.dir/build.make:97: recipe for target 'cmTC_9f7eb' failed
make[2]: *** [cmTC_9f7eb] Error 1
make[2]: Leaving directory '/home/i/AB/mysql-connector-c-6.1.6-src/CMakeFiles/CMakeTmp'
Makefile:126: recipe for target 'cmTC_9f7eb/fast' failed
make[1]: *** [cmTC_9f7eb/fast] Error 2
make[1]: Leaving directory '/home/i/AB/mysql-connector-c-6.1.6-src/CMakeFiles/CMakeTmp'


Determining if the EVFILT_TIMER exist failed with the following output:
Change Dir: /home/i/AB/mysql-connector-c-6.1.6-src/CMakeFiles/CMakeTmp

Run Build Command:"/usr/bin/make" "cmTC_70574/fast"
make[1]: Entering directory '/home/i/AB/mysql-connector-c-6.1.6-src/CMakeFiles/CMakeTmp'
/usr/bin/make -f CMakeFiles/cmTC_70574.dir/build.make CMakeFiles/cmTC_70574.dir/build
make[2]: Entering directory '/home/i/AB/mysql-connector-c-6.1.6-src/CMakeFiles/CMakeTmp'
Building C object CMakeFiles/cmTC_70574.dir/CheckSymbolExists.c.o
/usr/bin/cc     -o CMakeFiles/cmTC_70574.dir/CheckSymbolExists.c.o   -c /home/i/AB/mysql-connector-c-6.1.6-src/CMakeFiles/CMakeTmp/CheckSymbolExists.c
/home/i/AB/mysql-connector-c-6.1.6-src/CMakeFiles/CMakeTmp/CheckSymbolExists.c:3:23: fatal error: sys/event.h: No such file or directory
compilation terminated.
CMakeFiles/cmTC_70574.dir/build.make:65: recipe for target 'CMakeFiles/cmTC_70574.dir/CheckSymbolExists.c.o' failed
make[2]: *** [CMakeFiles/cmTC_70574.dir/CheckSymbolExists.c.o] Error 1
make[2]: Leaving directory '/home/i/AB/mysql-connector-c-6.1.6-src/CMakeFiles/CMakeTmp'
Makefile:126: recipe for target 'cmTC_70574/fast' failed
make[1]: *** [cmTC_70574/fast] Error 2
make[1]: Leaving directory '/home/i/AB/mysql-connector-c-6.1.6-src/CMakeFiles/CMakeTmp'

File /home/i/AB/mysql-connector-c-6.1.6-src/CMakeFiles/CMakeTmp/CheckSymbolExists.c:
/* */
#include <sys/types.h>
#include <sys/event.h>
#include <sys/time.h>

int main(int argc, char** argv)
{
  (void)argv;
#ifndef EVFILT_TIMER
  return ((int*)(&EVFILT_TIMER))[argc];
#else
  (void)argc;
  return 0;
#endif
}

Determining if the system is big endian passed with the following output:
Change Dir: /home/i/AB/mysql-connector-c-6.1.6-src/CMakeFiles/CMakeTmp

Run Build Command:"/usr/bin/make" "cmTC_6b261/fast"
make[1]: Entering directory '/home/i/AB/mysql-connector-c-6.1.6-src/CMakeFiles/CMakeTmp'
/usr/bin/make -f CMakeFiles/cmTC_6b261.dir/build.make CMakeFiles/cmTC_6b261.dir/build
make[2]: Entering directory '/home/i/AB/mysql-connector-c-6.1.6-src/CMakeFiles/CMakeTmp'
Building C object CMakeFiles/cmTC_6b261.dir/TestEndianess.c.o
/usr/bin/cc     -o CMakeFiles/cmTC_6b261.dir/TestEndianess.c.o   -c /home/i/AB/mysql-connector-c-6.1.6-src/CMakeFiles/CMakeTmp/TestEndianess.c
Linking C executable cmTC_6b261
/usr/bin/cmake -E cmake_link_script CMakeFiles/cmTC_6b261.dir/link.txt --verbose=1
/usr/bin/cc       CMakeFiles/cmTC_6b261.dir/TestEndianess.c.o  -o cmTC_6b261 -rdynamic 
make[2]: Leaving directory '/home/i/AB/mysql-connector-c-6.1.6-src/CMakeFiles/CMakeTmp'
make[1]: Leaving directory '/home/i/AB/mysql-connector-c-6.1.6-src/CMakeFiles/CMakeTmp'

TestEndianess.c:
/* A 16 bit integer is required. */
typedef unsigned short cmakeint16;

/* On a little endian machine, these 16bit ints will give "THIS IS LITTLE ENDIAN."
   On a big endian machine the characters will be exchanged pairwise. */
const cmakeint16 info_little[] =  {0x4854, 0x5349, 0x4920, 0x2053, 0x494c, 0x5454, 0x454c, 0x4520, 0x444e, 0x4149, 0x2e4e, 0x0000};

/* on a big endian machine, these 16bit ints will give "THIS IS BIG ENDIAN."
   On a little endian machine the characters will be exchanged pairwise. */
const cmakeint16 info_big[] =     {0x5448, 0x4953, 0x2049, 0x5320, 0x4249, 0x4720, 0x454e, 0x4449, 0x414e, 0x2e2e, 0x0000};

#ifdef __CLASSIC_C__
int main(argc, argv) int argc; char *argv[];
#else
int main(int argc, char *argv[])
#endif
{
  int require = 0;
  require += info_little[argc];
  require += info_big[argc];
  (void)argv;
  return require;
}


Determining if the include file netinet/in6.h exists failed with the following output:
Change Dir: /home/i/AB/mysql-connector-c-6.1.6-src/CMakeFiles/CMakeTmp

Run Build Command:"/usr/bin/make" "cmTC_be96f/fast"
make[1]: Entering directory '/home/i/AB/mysql-connector-c-6.1.6-src/CMakeFiles/CMakeTmp'
/usr/bin/make -f CMakeFiles/cmTC_be96f.dir/build.make CMakeFiles/cmTC_be96f.dir/build
make[2]: Entering directory '/home/i/AB/mysql-connector-c-6.1.6-src/CMakeFiles/CMakeTmp'
Building C object CMakeFiles/cmTC_be96f.dir/CheckIncludeFile.c.o
/usr/bin/cc  -D_FILE_OFFSET_BITS=64 -D_LARGEFILE_SOURCE -D_LARGE_FILES -D__STDC_CONSTANT_MACROS -D__STDC_FORMAT_MACROS -D__STDC_LIMIT_MACROS   -o CMakeFiles/cmTC_be96f.dir/CheckIncludeFile.c.o   -c /home/i/AB/mysql-connector-c-6.1.6-src/CMakeFiles/CMakeTmp/CheckIncludeFile.c
/home/i/AB/mysql-connector-c-6.1.6-src/CMakeFiles/CMakeTmp/CheckIncludeFile.c:1:25: fatal error: netinet/in6.h: No such file or directory
compilation terminated.
CMakeFiles/cmTC_be96f.dir/build.make:65: recipe for target 'CMakeFiles/cmTC_be96f.dir/CheckIncludeFile.c.o' failed
make[2]: *** [CMakeFiles/cmTC_be96f.dir/CheckIncludeFile.c.o] Error 1
make[2]: Leaving directory '/home/i/AB/mysql-connector-c-6.1.6-src/CMakeFiles/CMakeTmp'
Makefile:126: recipe for target 'cmTC_be96f/fast' failed
make[1]: *** [cmTC_be96f/fast] Error 2
make[1]: Leaving directory '/home/i/AB/mysql-connector-c-6.1.6-src/CMakeFiles/CMakeTmp'


Performing C SOURCE FILE Test HAVE_SOCKADDR_IN_SIN_LEN failed with the following output:
Change Dir: /home/i/AB/mysql-connector-c-6.1.6-src/CMakeFiles/CMakeTmp

Run Build Command:"/usr/bin/make" "cmTC_8d938/fast"
make[1]: Entering directory '/home/i/AB/mysql-connector-c-6.1.6-src/CMakeFiles/CMakeTmp'
/usr/bin/make -f CMakeFiles/cmTC_8d938.dir/build.make CMakeFiles/cmTC_8d938.dir/build
make[2]: Entering directory '/home/i/AB/mysql-connector-c-6.1.6-src/CMakeFiles/CMakeTmp'
Building C object CMakeFiles/cmTC_8d938.dir/src.c.o
/usr/bin/cc  -D_FILE_OFFSET_BITS=64 -D_LARGEFILE_SOURCE -D_LARGE_FILES -D__STDC_CONSTANT_MACROS -D__STDC_FORMAT_MACROS -D__STDC_LIMIT_MACROS  -DHAVE_SOCKADDR_IN_SIN_LEN   -o CMakeFiles/cmTC_8d938.dir/src.c.o   -c /home/i/AB/mysql-connector-c-6.1.6-src/CMakeFiles/CMakeTmp/src.c
/home/i/AB/mysql-connector-c-6.1.6-src/CMakeFiles/CMakeTmp/src.c: In function ‘main’:
/home/i/AB/mysql-connector-c-6.1.6-src/CMakeFiles/CMakeTmp/src.c:8:42: error: ‘struct sockaddr_in’ has no member named ‘sin_len’
    (void)sizeof(((struct sockaddr_in *)0)->sin_len);
                                          ^
CMakeFiles/cmTC_8d938.dir/build.make:65: recipe for target 'CMakeFiles/cmTC_8d938.dir/src.c.o' failed
make[2]: *** [CMakeFiles/cmTC_8d938.dir/src.c.o] Error 1
make[2]: Leaving directory '/home/i/AB/mysql-connector-c-6.1.6-src/CMakeFiles/CMakeTmp'
Makefile:126: recipe for target 'cmTC_8d938/fast' failed
make[1]: *** [cmTC_8d938/fast] Error 2
make[1]: Leaving directory '/home/i/AB/mysql-connector-c-6.1.6-src/CMakeFiles/CMakeTmp'

Source file was:

#include <sys/types.h>
#include <netinet/in.h>
#include <sys/socket.h>

int main()
{
   (void)sizeof(((struct sockaddr_in *)0)->sin_len);
   return 0;
}

Performing C SOURCE FILE Test HAVE_SOCKADDR_IN6_SIN6_LEN failed with the following output:
Change Dir: /home/i/AB/mysql-connector-c-6.1.6-src/CMakeFiles/CMakeTmp

Run Build Command:"/usr/bin/make" "cmTC_e32fa/fast"
make[1]: Entering directory '/home/i/AB/mysql-connector-c-6.1.6-src/CMakeFiles/CMakeTmp'
/usr/bin/make -f CMakeFiles/cmTC_e32fa.dir/build.make CMakeFiles/cmTC_e32fa.dir/build
make[2]: Entering directory '/home/i/AB/mysql-connector-c-6.1.6-src/CMakeFiles/CMakeTmp'
Building C object CMakeFiles/cmTC_e32fa.dir/src.c.o
/usr/bin/cc  -D_FILE_OFFSET_BITS=64 -D_LARGEFILE_SOURCE -D_LARGE_FILES -D__STDC_CONSTANT_MACROS -D__STDC_FORMAT_MACROS -D__STDC_LIMIT_MACROS  -DHAVE_SOCKADDR_IN6_SIN6_LEN   -o CMakeFiles/cmTC_e32fa.dir/src.c.o   -c /home/i/AB/mysql-connector-c-6.1.6-src/CMakeFiles/CMakeTmp/src.c
/home/i/AB/mysql-connector-c-6.1.6-src/CMakeFiles/CMakeTmp/src.c: In function ‘main’:
/home/i/AB/mysql-connector-c-6.1.6-src/CMakeFiles/CMakeTmp/src.c:8:43: error: ‘struct sockaddr_in6’ has no member named ‘sin6_len’
    (void)sizeof(((struct sockaddr_in6 *)0)->sin6_len);
                                           ^
CMakeFiles/cmTC_e32fa.dir/build.make:65: recipe for target 'CMakeFiles/cmTC_e32fa.dir/src.c.o' failed
make[2]: *** [CMakeFiles/cmTC_e32fa.dir/src.c.o] Error 1
make[2]: Leaving directory '/home/i/AB/mysql-connector-c-6.1.6-src/CMakeFiles/CMakeTmp'
Makefile:126: recipe for target 'cmTC_e32fa/fast' failed
make[1]: *** [cmTC_e32fa/fast] Error 2
make[1]: Leaving directory '/home/i/AB/mysql-connector-c-6.1.6-src/CMakeFiles/CMakeTmp'

Source file was:

#include <sys/types.h>
#include <netinet/in.h>
#include <sys/socket.h>

int main()
{
   (void)sizeof(((struct sockaddr_in6 *)0)->sin6_len);
   return 0;
}

Performing C++ SOURCE FILE Test HAVE_IMPLICIT_DEPENDENT_NAME_TYPING failed with the following output:
Change Dir: /home/i/AB/mysql-connector-c-6.1.6-src/CMakeFiles/CMakeTmp

Run Build Command:"/usr/bin/make" "cmTC_c6014/fast"
make[1]: Entering directory '/home/i/AB/mysql-connector-c-6.1.6-src/CMakeFiles/CMakeTmp'
/usr/bin/make -f CMakeFiles/cmTC_c6014.dir/build.make CMakeFiles/cmTC_c6014.dir/build
make[2]: Entering directory '/home/i/AB/mysql-connector-c-6.1.6-src/CMakeFiles/CMakeTmp'
Building CXX object CMakeFiles/cmTC_c6014.dir/src.cxx.o
/usr/bin/c++   -D_FILE_OFFSET_BITS=64 -D_LARGEFILE_SOURCE -D_LARGE_FILES -D__STDC_CONSTANT_MACROS -D__STDC_FORMAT_MACROS -D__STDC_LIMIT_MACROS  -DHAVE_IMPLICIT_DEPENDENT_NAME_TYPING   -o CMakeFiles/cmTC_c6014.dir/src.cxx.o -c /home/i/AB/mysql-connector-c-6.1.6-src/CMakeFiles/CMakeTmp/src.cxx
/home/i/AB/mysql-connector-c-6.1.6-src/CMakeFiles/CMakeTmp/src.cxx: In member function ‘void ct2<T>::func()’:
/home/i/AB/mysql-connector-c-6.1.6-src/CMakeFiles/CMakeTmp/src.cxx:15:5: error: need ‘typename’ before ‘std::vector<T>::iterator’ because ‘std::vector<T>’ is a dependent scope
     std::vector<T>::iterator itr = vec.begin();
     ^
/home/i/AB/mysql-connector-c-6.1.6-src/CMakeFiles/CMakeTmp/src.cxx:15:30: error: expected ‘;’ before ‘itr’
     std::vector<T>::iterator itr = vec.begin();
                              ^
/home/i/AB/mysql-connector-c-6.1.6-src/CMakeFiles/CMakeTmp/src.cxx: In instantiation of ‘void ct2<T>::func() [with T = double]’:
/home/i/AB/mysql-connector-c-6.1.6-src/CMakeFiles/CMakeTmp/src.cxx:21:13:   required from here
/home/i/AB/mysql-connector-c-6.1.6-src/CMakeFiles/CMakeTmp/src.cxx:15:5: error: dependent-name ‘std::vector<T>::iterator’ is parsed as a non-type, but instantiation yields a type
     std::vector<T>::iterator itr = vec.begin();
     ^
/home/i/AB/mysql-connector-c-6.1.6-src/CMakeFiles/CMakeTmp/src.cxx:15:5: note: say ‘typename std::vector<T>::iterator’ if a type is meant
CMakeFiles/cmTC_c6014.dir/build.make:65: recipe for target 'CMakeFiles/cmTC_c6014.dir/src.cxx.o' failed
make[2]: *** [CMakeFiles/cmTC_c6014.dir/src.cxx.o] Error 1
make[2]: Leaving directory '/home/i/AB/mysql-connector-c-6.1.6-src/CMakeFiles/CMakeTmp'
Makefile:126: recipe for target 'cmTC_c6014/fast' failed
make[1]: *** [cmTC_c6014/fast] Error 2
make[1]: Leaving directory '/home/i/AB/mysql-connector-c-6.1.6-src/CMakeFiles/CMakeTmp'

Source file was:

  #include <vector>
  template<typename T>
  class ct2
  {
  public:
    typedef T type;
    void func();
  };

  template<typename T>
  void ct2<T>::func()
  {
    std::vector<T> vec;
    std::vector<T>::iterator itr = vec.begin();
  }

  int main(int argc, char **argv)
  {
    ct2<double> o2;
    o2.func();
    return 0;
  }
  
Performing C++ SOURCE FILE Test HAVE_LLVM_LIBCPP failed with the following output:
Change Dir: /home/subramon/WORK/OSS/AB/mysql-connector-c-6.1.6-src/CMakeFiles/CMakeTmp

Run Build Command:/usr/bin/make "cmTryCompileExec2134284135/fast"
make[1]: Entering directory `/home/subramon/WORK/OSS/AB/mysql-connector-c-6.1.6-src/CMakeFiles/CMakeTmp'
/usr/bin/make -f CMakeFiles/cmTryCompileExec2134284135.dir/build.make CMakeFiles/cmTryCompileExec2134284135.dir/build
make[2]: Entering directory `/home/subramon/WORK/OSS/AB/mysql-connector-c-6.1.6-src/CMakeFiles/CMakeTmp'
/usr/bin/cmake -E cmake_progress_report /home/subramon/WORK/OSS/AB/mysql-connector-c-6.1.6-src/CMakeFiles/CMakeTmp/CMakeFiles 1
Building CXX object CMakeFiles/cmTryCompileExec2134284135.dir/src.cxx.o
/usr/local/bin/c++    -DHAVE_LLVM_LIBCPP   -o CMakeFiles/cmTryCompileExec2134284135.dir/src.cxx.o -c /home/subramon/WORK/OSS/AB/mysql-connector-c-6.1.6-src/CMakeFiles/CMakeTmp/src.cxx
Linking CXX executable cmTryCompileExec2134284135
/usr/bin/cmake -E cmake_link_script CMakeFiles/cmTryCompileExec2134284135.dir/link.txt --verbose=1
/usr/local/bin/c++    -DHAVE_LLVM_LIBCPP    CMakeFiles/cmTryCompileExec2134284135.dir/src.cxx.o  -o cmTryCompileExec2134284135 -rdynamic 
make[2]: Leaving directory `/home/subramon/WORK/OSS/AB/mysql-connector-c-6.1.6-src/CMakeFiles/CMakeTmp'
make[1]: Leaving directory `/home/subramon/WORK/OSS/AB/mysql-connector-c-6.1.6-src/CMakeFiles/CMakeTmp'

Return value: 1
Source file was:

#include <ciso646>
int main()
{
#ifdef _LIBCPP_VERSION
  return 0;
#else
  return 1;
#endif
}
Determining if the pthread_create exist failed with the following output:
Change Dir: /home/subramon/WORK/OSS/AB/mysql-connector-c-6.1.6-src/CMakeFiles/CMakeTmp

Run Build Command:/usr/bin/make "cmTryCompileExec3588002301/fast"
make[1]: Entering directory `/home/subramon/WORK/OSS/AB/mysql-connector-c-6.1.6-src/CMakeFiles/CMakeTmp'
/usr/bin/make -f CMakeFiles/cmTryCompileExec3588002301.dir/build.make CMakeFiles/cmTryCompileExec3588002301.dir/build
make[2]: Entering directory `/home/subramon/WORK/OSS/AB/mysql-connector-c-6.1.6-src/CMakeFiles/CMakeTmp'
/usr/bin/cmake -E cmake_progress_report /home/subramon/WORK/OSS/AB/mysql-connector-c-6.1.6-src/CMakeFiles/CMakeTmp/CMakeFiles 1
Building C object CMakeFiles/cmTryCompileExec3588002301.dir/CheckSymbolExists.c.o
/usr/bin/cc    -o CMakeFiles/cmTryCompileExec3588002301.dir/CheckSymbolExists.c.o   -c /home/subramon/WORK/OSS/AB/mysql-connector-c-6.1.6-src/CMakeFiles/CMakeTmp/CheckSymbolExists.c
Linking C executable cmTryCompileExec3588002301
/usr/bin/cmake -E cmake_link_script CMakeFiles/cmTryCompileExec3588002301.dir/link.txt --verbose=1
/usr/bin/cc       CMakeFiles/cmTryCompileExec3588002301.dir/CheckSymbolExists.c.o  -o cmTryCompileExec3588002301 -rdynamic 
CMakeFiles/cmTryCompileExec3588002301.dir/CheckSymbolExists.c.o: In function `main':
CheckSymbolExists.c:(.text+0x16): undefined reference to `pthread_create'
collect2: error: ld returned 1 exit status
make[2]: Leaving directory `/home/subramon/WORK/OSS/AB/mysql-connector-c-6.1.6-src/CMakeFiles/CMakeTmp'
make[2]: *** [cmTryCompileExec3588002301] Error 1
make[1]: Leaving directory `/home/subramon/WORK/OSS/AB/mysql-connector-c-6.1.6-src/CMakeFiles/CMakeTmp'
make[1]: *** [cmTryCompileExec3588002301/fast] Error 2

File /home/subramon/WORK/OSS/AB/mysql-connector-c-6.1.6-src/CMakeFiles/CMakeTmp/CheckSymbolExists.c:
/* */
#include <pthread.h>

int main(int argc, char** argv)
{
  (void)argv;
#ifndef pthread_create
  return ((int*)(&pthread_create))[argc];
#else
  (void)argc;
  return 0;
#endif
}

Determining if the function pthread_create exists in the pthreads failed with the following output:
Change Dir: /home/subramon/WORK/OSS/AB/mysql-connector-c-6.1.6-src/CMakeFiles/CMakeTmp

Run Build Command:/usr/bin/make "cmTryCompileExec4177694656/fast"
make[1]: Entering directory `/home/subramon/WORK/OSS/AB/mysql-connector-c-6.1.6-src/CMakeFiles/CMakeTmp'
/usr/bin/make -f CMakeFiles/cmTryCompileExec4177694656.dir/build.make CMakeFiles/cmTryCompileExec4177694656.dir/build
make[2]: Entering directory `/home/subramon/WORK/OSS/AB/mysql-connector-c-6.1.6-src/CMakeFiles/CMakeTmp'
/usr/bin/cmake -E cmake_progress_report /home/subramon/WORK/OSS/AB/mysql-connector-c-6.1.6-src/CMakeFiles/CMakeTmp/CMakeFiles 1
Building C object CMakeFiles/cmTryCompileExec4177694656.dir/CheckFunctionExists.c.o
/usr/bin/cc   -DCHECK_FUNCTION_EXISTS=pthread_create   -o CMakeFiles/cmTryCompileExec4177694656.dir/CheckFunctionExists.c.o   -c /usr/share/cmake-2.8/Modules/CheckFunctionExists.c
Linking C executable cmTryCompileExec4177694656
/usr/bin/cmake -E cmake_link_script CMakeFiles/cmTryCompileExec4177694656.dir/link.txt --verbose=1
/usr/bin/cc   -DCHECK_FUNCTION_EXISTS=pthread_create    CMakeFiles/cmTryCompileExec4177694656.dir/CheckFunctionExists.c.o  -o cmTryCompileExec4177694656 -rdynamic -lpthreads 
/usr/bin/ld: cannot find -lpthreads
collect2: error: ld returned 1 exit status
make[2]: Leaving directory `/home/subramon/WORK/OSS/AB/mysql-connector-c-6.1.6-src/CMakeFiles/CMakeTmp'
make[2]: *** [cmTryCompileExec4177694656] Error 1
make[1]: Leaving directory `/home/subramon/WORK/OSS/AB/mysql-connector-c-6.1.6-src/CMakeFiles/CMakeTmp'
make[1]: *** [cmTryCompileExec4177694656/fast] Error 2


Determining if the function floor exists failed with the following output:
Change Dir: /home/subramon/WORK/OSS/AB/mysql-connector-c-6.1.6-src/CMakeFiles/CMakeTmp

Run Build Command:/usr/bin/make "cmTryCompileExec4101560620/fast"
make[1]: Entering directory `/home/subramon/WORK/OSS/AB/mysql-connector-c-6.1.6-src/CMakeFiles/CMakeTmp'
/usr/bin/make -f CMakeFiles/cmTryCompileExec4101560620.dir/build.make CMakeFiles/cmTryCompileExec4101560620.dir/build
make[2]: Entering directory `/home/subramon/WORK/OSS/AB/mysql-connector-c-6.1.6-src/CMakeFiles/CMakeTmp'
/usr/bin/cmake -E cmake_progress_report /home/subramon/WORK/OSS/AB/mysql-connector-c-6.1.6-src/CMakeFiles/CMakeTmp/CMakeFiles 1
Building C object CMakeFiles/cmTryCompileExec4101560620.dir/CheckFunctionExists.c.o
/usr/bin/cc   -DCHECK_FUNCTION_EXISTS=floor   -o CMakeFiles/cmTryCompileExec4101560620.dir/CheckFunctionExists.c.o   -c /usr/share/cmake-2.8/Modules/CheckFunctionExists.c
<command-line>:0:23: warning: conflicting types for built-in function ‘floor’ [enabled by default]
/usr/share/cmake-2.8/Modules/CheckFunctionExists.c:3:6: note: in expansion of macro ‘CHECK_FUNCTION_EXISTS’
 char CHECK_FUNCTION_EXISTS();
      ^
Linking C executable cmTryCompileExec4101560620
/usr/bin/cmake -E cmake_link_script CMakeFiles/cmTryCompileExec4101560620.dir/link.txt --verbose=1
/usr/bin/cc   -DCHECK_FUNCTION_EXISTS=floor    CMakeFiles/cmTryCompileExec4101560620.dir/CheckFunctionExists.c.o  -o cmTryCompileExec4101560620 -rdynamic 
CMakeFiles/cmTryCompileExec4101560620.dir/CheckFunctionExists.c.o: In function `main':
CheckFunctionExists.c:(.text+0x15): undefined reference to `floor'
collect2: error: ld returned 1 exit status
make[2]: Leaving directory `/home/subramon/WORK/OSS/AB/mysql-connector-c-6.1.6-src/CMakeFiles/CMakeTmp'
make[2]: *** [cmTryCompileExec4101560620] Error 1
make[1]: Leaving directory `/home/subramon/WORK/OSS/AB/mysql-connector-c-6.1.6-src/CMakeFiles/CMakeTmp'
make[1]: *** [cmTryCompileExec4101560620/fast] Error 2


Determining if the function crypt exists failed with the following output:
Change Dir: /home/subramon/WORK/OSS/AB/mysql-connector-c-6.1.6-src/CMakeFiles/CMakeTmp

Run Build Command:/usr/bin/make "cmTryCompileExec710640673/fast"
make[1]: Entering directory `/home/subramon/WORK/OSS/AB/mysql-connector-c-6.1.6-src/CMakeFiles/CMakeTmp'
/usr/bin/make -f CMakeFiles/cmTryCompileExec710640673.dir/build.make CMakeFiles/cmTryCompileExec710640673.dir/build
make[2]: Entering directory `/home/subramon/WORK/OSS/AB/mysql-connector-c-6.1.6-src/CMakeFiles/CMakeTmp'
/usr/bin/cmake -E cmake_progress_report /home/subramon/WORK/OSS/AB/mysql-connector-c-6.1.6-src/CMakeFiles/CMakeTmp/CMakeFiles 1
Building C object CMakeFiles/cmTryCompileExec710640673.dir/CheckFunctionExists.c.o
/usr/bin/cc   -DCHECK_FUNCTION_EXISTS=crypt   -o CMakeFiles/cmTryCompileExec710640673.dir/CheckFunctionExists.c.o   -c /usr/share/cmake-2.8/Modules/CheckFunctionExists.c
Linking C executable cmTryCompileExec710640673
/usr/bin/cmake -E cmake_link_script CMakeFiles/cmTryCompileExec710640673.dir/link.txt --verbose=1
/usr/bin/cc   -DCHECK_FUNCTION_EXISTS=crypt    CMakeFiles/cmTryCompileExec710640673.dir/CheckFunctionExists.c.o  -o cmTryCompileExec710640673 -rdynamic 
CMakeFiles/cmTryCompileExec710640673.dir/CheckFunctionExists.c.o: In function `main':
CheckFunctionExists.c:(.text+0x15): undefined reference to `crypt'
collect2: error: ld returned 1 exit status
make[2]: Leaving directory `/home/subramon/WORK/OSS/AB/mysql-connector-c-6.1.6-src/CMakeFiles/CMakeTmp'
make[2]: *** [cmTryCompileExec710640673] Error 1
make[1]: Leaving directory `/home/subramon/WORK/OSS/AB/mysql-connector-c-6.1.6-src/CMakeFiles/CMakeTmp'
make[1]: *** [cmTryCompileExec710640673/fast] Error 2


Determining if the function dlopen exists failed with the following output:
Change Dir: /home/subramon/WORK/OSS/AB/mysql-connector-c-6.1.6-src/CMakeFiles/CMakeTmp

Run Build Command:/usr/bin/make "cmTryCompileExec2220670961/fast"
make[1]: Entering directory `/home/subramon/WORK/OSS/AB/mysql-connector-c-6.1.6-src/CMakeFiles/CMakeTmp'
/usr/bin/make -f CMakeFiles/cmTryCompileExec2220670961.dir/build.make CMakeFiles/cmTryCompileExec2220670961.dir/build
make[2]: Entering directory `/home/subramon/WORK/OSS/AB/mysql-connector-c-6.1.6-src/CMakeFiles/CMakeTmp'
/usr/bin/cmake -E cmake_progress_report /home/subramon/WORK/OSS/AB/mysql-connector-c-6.1.6-src/CMakeFiles/CMakeTmp/CMakeFiles 1
Building C object CMakeFiles/cmTryCompileExec2220670961.dir/CheckFunctionExists.c.o
/usr/bin/cc   -DCHECK_FUNCTION_EXISTS=dlopen   -o CMakeFiles/cmTryCompileExec2220670961.dir/CheckFunctionExists.c.o   -c /usr/share/cmake-2.8/Modules/CheckFunctionExists.c
Linking C executable cmTryCompileExec2220670961
/usr/bin/cmake -E cmake_link_script CMakeFiles/cmTryCompileExec2220670961.dir/link.txt --verbose=1
/usr/bin/cc   -DCHECK_FUNCTION_EXISTS=dlopen    CMakeFiles/cmTryCompileExec2220670961.dir/CheckFunctionExists.c.o  -o cmTryCompileExec2220670961 -rdynamic 
CMakeFiles/cmTryCompileExec2220670961.dir/CheckFunctionExists.c.o: In function `main':
CheckFunctionExists.c:(.text+0x15): undefined reference to `dlopen'
collect2: error: ld returned 1 exit status
make[2]: Leaving directory `/home/subramon/WORK/OSS/AB/mysql-connector-c-6.1.6-src/CMakeFiles/CMakeTmp'
make[2]: *** [cmTryCompileExec2220670961] Error 1
make[1]: *** [cmTryCompileExec2220670961/fast] Error 2
make[1]: Leaving directory `/home/subramon/WORK/OSS/AB/mysql-connector-c-6.1.6-src/CMakeFiles/CMakeTmp'


